# JRE version: OpenJDK Runtime Environment Temurin-17.0.10+7 (17.0.10+7) (build 17.0.10+7)
# Java VM: OpenJDK 64-Bit Server VM Temurin-17.0.10+7 (17.0.10+7, mixed mode, tiered, compressed oops, compressed class ptrs, parallel gc, windows-amd64)
GC Precious Log:
 CPUs: 12 total, 12 available
 Memory: 15791M
 Large Page Support: Disabled
 NUMA Support: Disabled
 Compressed Oops: Enabled (32-bit)
 Alignments: Space 512K, Generation 512K, Heap 2M
 Heap Min Capacity: 100M
 Heap Initial Capacity: 100M
 Heap Max Capacity: 1G
 Pre-touch: Disabled
 Parallel Workers: 10
Heap:
 PSYoungGen      total 11776K, used 5089K [0x00000000eab00000, 0x00000000eb980000, 0x0000000100000000)
  eden space 10752K, 39% used [0x00000000eab00000,0x00000000eaf1f518,0x00000000eb580000)
  from space 1024K, 84% used [0x00000000eb800000,0x00000000eb8d9210,0x00000000eb900000)
  to   space 512K, 0% used [0x00000000eb900000,0x00000000eb900000,0x00000000eb980000)
 ParOldGen       total 434688K, used 363658K [0x00000000c0000000, 0x00000000da880000, 0x00000000eab00000)
  object space 434688K, 83% used [0x00000000c0000000,0x00000000d63228c8,0x00000000da880000)
 Metaspace       used 108979K, committed 110528K, reserved 1179648K
  class space    used 10905K, committed 11584K, reserved 1048576K
GC Heap History (20 events):
Event: 72074.692 GC heap before
{Heap before GC invocations=10958 (full 320):
 PSYoungGen      total 11264K, used 10880K [0x00000000eab00000, 0x00000000eba00000, 0x0000000100000000)
  eden space 10752K, 100% used [0x00000000eab00000,0x00000000eb580000,0x00000000eb580000)
  from space 512K, 25% used [0x00000000eb900000,0x00000000eb920000,0x00000000eb980000)
  to   space 512K, 0% used [0x00000000eb980000,0x00000000eb980000,0x00000000eba00000)
 ParOldGen       total 434688K, used 361846K [0x00000000c0000000, 0x00000000da880000, 0x00000000eab00000)
  object space 434688K, 83% used [0x00000000c0000000,0x00000000d615da70,0x00000000da880000)
 Metaspace       used 108953K, committed 110528K, reserved 1179648K
  class space    used 10901K, committed 11584K, reserved 1048576K
}
Event: 72074.694 GC heap after
{Heap after GC invocations=10958 (full 320):
 PSYoungGen      total 11264K, used 128K [0x00000000eab00000, 0x00000000eba00000, 0x0000000100000000)
  eden space 10752K, 0% used [0x00000000eab00000,0x00000000eab00000,0x00000000eb580000)
  from space 512K, 25% used [0x00000000eb980000,0x00000000eb9a0000,0x00000000eba00000)
  to   space 512K, 0% used [0x00000000eb900000,0x00000000eb900000,0x00000000eb980000)
 ParOldGen       total 434688K, used 361846K [0x00000000c0000000, 0x00000000da880000, 0x00000000eab00000)
  object space 434688K, 83% used [0x00000000c0000000,0x00000000d615da70,0x00000000da880000)
 Metaspace       used 108953K, committed 110528K, reserved 1179648K
  class space    used 10901K, committed 11584K, reserved 1048576K
}
Event: 72074.730 GC heap before
{Heap before GC invocations=10959 (full 320):
 PSYoungGen      total 11264K, used 10880K [0x00000000eab00000, 0x00000000eba00000, 0x0000000100000000)
  eden space 10752K, 100% used [0x00000000eab00000,0x00000000eb580000,0x00000000eb580000)
  from space 512K, 25% used [0x00000000eb980000,0x00000000eb9a0000,0x00000000eba00000)
  to   space 512K, 0% used [0x00000000eb900000,0x00000000eb900000,0x00000000eb980000)
 ParOldGen       total 434688K, used 361846K [0x00000000c0000000, 0x00000000da880000, 0x00000000eab00000)
  object space 434688K, 83% used [0x00000000c0000000,0x00000000d615da70,0x00000000da880000)
 Metaspace       used 108953K, committed 110528K, reserved 1179648K
  class space    used 10901K, committed 11584K, reserved 1048576K
}
Event: 72074.731 GC heap after
{Heap after GC invocations=10959 (full 320):
 PSYoungGen      total 11264K, used 128K [0x00000000eab00000, 0x00000000eba00000, 0x0000000100000000)
  eden space 10752K, 0% used [0x00000000eab00000,0x00000000eab00000,0x00000000eb580000)
  from space 512K, 25% used [0x00000000eb900000,0x00000000eb920000,0x00000000eb980000)
  to   space 512K, 0% used [0x00000000eb980000,0x00000000eb980000,0x00000000eba00000)
 ParOldGen       total 434688K, used 361846K [0x00000000c0000000, 0x00000000da880000, 0x00000000eab00000)
  object space 434688K, 83% used [0x00000000c0000000,0x00000000d615da70,0x00000000da880000)
 Metaspace       used 108953K, committed 110528K, reserved 1179648K
  class space    used 10901K, committed 11584K, reserved 1048576K
}
Event: 72074.757 GC heap before
{Heap before GC invocations=10960 (full 320):
 PSYoungGen      total 11264K, used 10880K [0x00000000eab00000, 0x00000000eba00000, 0x0000000100000000)
  eden space 10752K, 100% used [0x00000000eab00000,0x00000000eb580000,0x00000000eb580000)
  from space 512K, 25% used [0x00000000eb900000,0x00000000eb920000,0x00000000eb980000)
  to   space 512K, 0% used [0x00000000eb980000,0x00000000eb980000,0x00000000eba00000)
 ParOldGen       total 434688K, used 361846K [0x00000000c0000000, 0x00000000da880000, 0x00000000eab00000)
  object space 434688K, 83% used [0x00000000c0000000,0x00000000d615da70,0x00000000da880000)
 Metaspace       used 108953K, committed 110528K, reserved 1179648K
  class space    used 10901K, committed 11584K, reserved 1048576K
}
Event: 72074.758 GC heap after
{Heap after GC invocations=10960 (full 320):
 PSYoungGen      total 11264K, used 128K [0x00000000eab00000, 0x00000000eba00000, 0x0000000100000000)
  eden space 10752K, 0% used [0x00000000eab00000,0x00000000eab00000,0x00000000eb580000)
  from space 512K, 25% used [0x00000000eb980000,0x00000000eb9a0000,0x00000000eba00000)
  to   space 512K, 0% used [0x00000000eb900000,0x00000000eb900000,0x00000000eb980000)
 ParOldGen       total 434688K, used 361846K [0x00000000c0000000, 0x00000000da880000, 0x00000000eab00000)
  object space 434688K, 83% used [0x00000000c0000000,0x00000000d615da70,0x00000000da880000)
 Metaspace       used 108953K, committed 110528K, reserved 1179648K
  class space    used 10901K, committed 11584K, reserved 1048576K
}
Event: 72074.772 GC heap before
{Heap before GC invocations=10961 (full 320):
 PSYoungGen      total 11264K, used 10880K [0x00000000eab00000, 0x00000000eba00000, 0x0000000100000000)
  eden space 10752K, 100% used [0x00000000eab00000,0x00000000eb580000,0x00000000eb580000)
  from space 512K, 25% used [0x00000000eb980000,0x00000000eb9a0000,0x00000000eba00000)
  to   space 512K, 0% used [0x00000000eb900000,0x00000000eb900000,0x00000000eb980000)
 ParOldGen       total 434688K, used 361846K [0x00000000c0000000, 0x00000000da880000, 0x00000000eab00000)
  object space 434688K, 83% used [0x00000000c0000000,0x00000000d615da70,0x00000000da880000)
 Metaspace       used 108953K, committed 110528K, reserved 1179648K
  class space    used 10901K, committed 11584K, reserved 1048576K
}
Event: 72074.773 GC heap after
{Heap after GC invocations=10961 (full 320):
 PSYoungGen      total 11264K, used 96K [0x00000000eab00000, 0x00000000eba00000, 0x0000000100000000)
  eden space 10752K, 0% used [0x00000000eab00000,0x00000000eab00000,0x00000000eb580000)
  from space 512K, 18% used [0x00000000eb900000,0x00000000eb918000,0x00000000eb980000)
  to   space 512K, 0% used [0x00000000eb980000,0x00000000eb980000,0x00000000eba00000)
 ParOldGen       total 434688K, used 361846K [0x00000000c0000000, 0x00000000da880000, 0x00000000eab00000)
  object space 434688K, 83% used [0x00000000c0000000,0x00000000d615da70,0x00000000da880000)
 Metaspace       used 108953K, committed 110528K, reserved 1179648K
  class space    used 10901K, committed 11584K, reserved 1048576K
}
Event: 72074.785 GC heap before
{Heap before GC invocations=10962 (full 320):
 PSYoungGen      total 11264K, used 10848K [0x00000000eab00000, 0x00000000eba00000, 0x0000000100000000)
  eden space 10752K, 100% used [0x00000000eab00000,0x00000000eb580000,0x00000000eb580000)
  from space 512K, 18% used [0x00000000eb900000,0x00000000eb918000,0x00000000eb980000)
  to   space 512K, 0% used [0x00000000eb980000,0x00000000eb980000,0x00000000eba00000)
 ParOldGen       total 434688K, used 361846K [0x00000000c0000000, 0x00000000da880000, 0x00000000eab00000)
  object space 434688K, 83% used [0x00000000c0000000,0x00000000d615da70,0x00000000da880000)
 Metaspace       used 108953K, committed 110528K, reserved 1179648K
  class space    used 10901K, committed 11584K, reserved 1048576K
}
Event: 72074.787 GC heap after
{Heap after GC invocations=10962 (full 320):
 PSYoungGen      total 11264K, used 128K [0x00000000eab00000, 0x00000000eba00000, 0x0000000100000000)
  eden space 10752K, 0% used [0x00000000eab00000,0x00000000eab00000,0x00000000eb580000)
  from space 512K, 25% used [0x00000000eb980000,0x00000000eb9a0000,0x00000000eba00000)
  to   space 512K, 0% used [0x00000000eb900000,0x00000000eb900000,0x00000000eb980000)
 ParOldGen       total 434688K, used 361846K [0x00000000c0000000, 0x00000000da880000, 0x00000000eab00000)
  object space 434688K, 83% used [0x00000000c0000000,0x00000000d615da70,0x00000000da880000)
 Metaspace       used 108953K, committed 110528K, reserved 1179648K
  class space    used 10901K, committed 11584K, reserved 1048576K
}
Event: 72075.191 GC heap before
{Heap before GC invocations=10963 (full 320):
 PSYoungGen      total 11264K, used 10768K [0x00000000eab00000, 0x00000000eba00000, 0x0000000100000000)
  eden space 10752K, 98% used [0x00000000eab00000,0x00000000eb564250,0x00000000eb580000)
  from space 512K, 25% used [0x00000000eb980000,0x00000000eb9a0000,0x00000000eba00000)
  to   space 512K, 0% used [0x00000000eb900000,0x00000000eb900000,0x00000000eb980000)
 ParOldGen       total 434688K, used 361846K [0x00000000c0000000, 0x00000000da880000, 0x00000000eab00000)
  object space 434688K, 83% used [0x00000000c0000000,0x00000000d615da70,0x00000000da880000)
 Metaspace       used 108954K, committed 110528K, reserved 1179648K
  class space    used 10901K, committed 11584K, reserved 1048576K
}
Event: 72075.193 GC heap after
{Heap after GC invocations=10963 (full 320):
 PSYoungGen      total 11264K, used 468K [0x00000000eab00000, 0x00000000eba00000, 0x0000000100000000)
  eden space 10752K, 0% used [0x00000000eab00000,0x00000000eab00000,0x00000000eb580000)
  from space 512K, 91% used [0x00000000eb900000,0x00000000eb975050,0x00000000eb980000)
  to   space 512K, 0% used [0x00000000eb980000,0x00000000eb980000,0x00000000eba00000)
 ParOldGen       total 434688K, used 362593K [0x00000000c0000000, 0x00000000da880000, 0x00000000eab00000)
  object space 434688K, 83% used [0x00000000c0000000,0x00000000d6218488,0x00000000da880000)
 Metaspace       used 108954K, committed 110528K, reserved 1179648K
  class space    used 10901K, committed 11584K, reserved 1048576K
}
Event: 72077.439 GC heap before
{Heap before GC invocations=10964 (full 320):
 PSYoungGen      total 11264K, used 11220K [0x00000000eab00000, 0x00000000eba00000, 0x0000000100000000)
  eden space 10752K, 99% used [0x00000000eab00000,0x00000000eb57ffe0,0x00000000eb580000)
  from space 512K, 91% used [0x00000000eb900000,0x00000000eb975050,0x00000000eb980000)
  to   space 512K, 0% used [0x00000000eb980000,0x00000000eb980000,0x00000000eba00000)
 ParOldGen       total 434688K, used 362593K [0x00000000c0000000, 0x00000000da880000, 0x00000000eab00000)
  object space 434688K, 83% used [0x00000000c0000000,0x00000000d6218488,0x00000000da880000)
 Metaspace       used 108973K, committed 110528K, reserved 1179648K
  class space    used 10905K, committed 11584K, reserved 1048576K
}
Event: 72077.441 GC heap after
{Heap after GC invocations=10964 (full 320):
 PSYoungGen      total 11264K, used 494K [0x00000000eab00000, 0x00000000eba00000, 0x0000000100000000)
  eden space 10752K, 0% used [0x00000000eab00000,0x00000000eab00000,0x00000000eb580000)
  from space 512K, 96% used [0x00000000eb980000,0x00000000eb9fbb20,0x00000000eba00000)
  to   space 1536K, 0% used [0x00000000eb700000,0x00000000eb700000,0x00000000eb880000)
 ParOldGen       total 434688K, used 363121K [0x00000000c0000000, 0x00000000da880000, 0x00000000eab00000)
  object space 434688K, 83% used [0x00000000c0000000,0x00000000d629c4a8,0x00000000da880000)
 Metaspace       used 108973K, committed 110528K, reserved 1179648K
  class space    used 10905K, committed 11584K, reserved 1048576K
}
Event: 72077.463 GC heap before
{Heap before GC invocations=10965 (full 320):
 PSYoungGen      total 11264K, used 11246K [0x00000000eab00000, 0x00000000eba00000, 0x0000000100000000)
  eden space 10752K, 100% used [0x00000000eab00000,0x00000000eb580000,0x00000000eb580000)
  from space 512K, 96% used [0x00000000eb980000,0x00000000eb9fbb20,0x00000000eba00000)
  to   space 1536K, 0% used [0x00000000eb700000,0x00000000eb700000,0x00000000eb880000)
 ParOldGen       total 434688K, used 363121K [0x00000000c0000000, 0x00000000da880000, 0x00000000eab00000)
  object space 434688K, 83% used [0x00000000c0000000,0x00000000d629c4a8,0x00000000da880000)
 Metaspace       used 108973K, committed 110528K, reserved 1179648K
  class space    used 10905K, committed 11584K, reserved 1048576K
}
Event: 72077.465 GC heap after
{Heap after GC invocations=10965 (full 320):
 PSYoungGen      total 12288K, used 666K [0x00000000eab00000, 0x00000000eba00000, 0x0000000100000000)
  eden space 10752K, 0% used [0x00000000eab00000,0x00000000eab00000,0x00000000eb580000)
  from space 1536K, 43% used [0x00000000eb700000,0x00000000eb7a6900,0x00000000eb880000)
  to   space 1024K, 0% used [0x00000000eb900000,0x00000000eb900000,0x00000000eba00000)
 ParOldGen       total 434688K, used 363557K [0x00000000c0000000, 0x00000000da880000, 0x00000000eab00000)
  object space 434688K, 83% used [0x00000000c0000000,0x00000000d63096c8,0x00000000da880000)
 Metaspace       used 108973K, committed 110528K, reserved 1179648K
  class space    used 10905K, committed 11584K, reserved 1048576K
}
Event: 72079.600 GC heap before
{Heap before GC invocations=10966 (full 320):
 PSYoungGen      total 12288K, used 11418K [0x00000000eab00000, 0x00000000eba00000, 0x0000000100000000)
  eden space 10752K, 100% used [0x00000000eab00000,0x00000000eb580000,0x00000000eb580000)
  from space 1536K, 43% used [0x00000000eb700000,0x00000000eb7a6900,0x00000000eb880000)
  to   space 1024K, 0% used [0x00000000eb900000,0x00000000eb900000,0x00000000eba00000)
 ParOldGen       total 434688K, used 363557K [0x00000000c0000000, 0x00000000da880000, 0x00000000eab00000)
  object space 434688K, 83% used [0x00000000c0000000,0x00000000d63096c8,0x00000000da880000)
 Metaspace       used 108977K, committed 110528K, reserved 1179648K
  class space    used 10905K, committed 11584K, reserved 1048576K
}
Event: 72079.601 GC heap after
{Heap after GC invocations=10966 (full 320):
 PSYoungGen      total 11776K, used 788K [0x00000000eab00000, 0x00000000eba00000, 0x0000000100000000)
  eden space 10752K, 0% used [0x00000000eab00000,0x00000000eab00000,0x00000000eb580000)
  from space 1024K, 77% used [0x00000000eb900000,0x00000000eb9c5200,0x00000000eba00000)
  to   space 1024K, 0% used [0x00000000eb800000,0x00000000eb800000,0x00000000eb900000)
 ParOldGen       total 434688K, used 363658K [0x00000000c0000000, 0x00000000da880000, 0x00000000eab00000)
  object space 434688K, 83% used [0x00000000c0000000,0x00000000d63228c8,0x00000000da880000)
 Metaspace       used 108977K, committed 110528K, reserved 1179648K
  class space    used 10905K, committed 11584K, reserved 1048576K
}
Event: 72085.575 GC heap before
{Heap before GC invocations=10967 (full 320):
 PSYoungGen      total 11776K, used 11434K [0x00000000eab00000, 0x00000000eba00000, 0x0000000100000000)
  eden space 10752K, 99% used [0x00000000eab00000,0x00000000eb565928,0x00000000eb580000)
  from space 1024K, 77% used [0x00000000eb900000,0x00000000eb9c5200,0x00000000eba00000)
  to   space 1024K, 0% used [0x00000000eb800000,0x00000000eb800000,0x00000000eb900000)
 ParOldGen       total 434688K, used 363658K [0x00000000c0000000, 0x00000000da880000, 0x00000000eab00000)
  object space 434688K, 83% used [0x00000000c0000000,0x00000000d63228c8,0x00000000da880000)
 Metaspace       used 108977K, committed 110528K, reserved 1179648K
  class space    used 10905K, committed 11584K, reserved 1048576K
}
Event: 72085.577 GC heap after
{Heap after GC invocations=10967 (full 320):
 PSYoungGen      total 11776K, used 868K [0x00000000eab00000, 0x00000000eb980000, 0x0000000100000000)
  eden space 10752K, 0% used [0x00000000eab00000,0x00000000eab00000,0x00000000eb580000)
  from space 1024K, 84% used [0x00000000eb800000,0x00000000eb8d9210,0x00000000eb900000)
  to   space 512K, 0% used [0x00000000eb900000,0x00000000eb900000,0x00000000eb980000)
 ParOldGen       total 434688K, used 363658K [0x00000000c0000000, 0x00000000da880000, 0x00000000eab00000)
  object space 434688K, 83% used [0x00000000c0000000,0x00000000d63228c8,0x00000000da880000)
 Metaspace       used 108977K, committed 110528K, reserved 1179648K
  class space    used 10905K, committed 11584K, reserved 1048576K
}

